2020-04-14 13:51:27.435  INFO 44500 --- [restartedMain] cn.syp.sypuser.SypUserApplication        : The following profiles are active: dev
2020-04-14 13:51:27.834  INFO 44500 --- [restartedMain] .s.d.r.c.RepositoryConfigurationDelegate : Multiple Spring Data modules found, entering strict repository configuration mode!
2020-04-14 13:51:27.834  INFO 44500 --- [restartedMain] .s.d.r.c.RepositoryConfigurationDelegate : Bootstrapping Spring Data Redis repositories in DEFAULT mode.
2020-04-14 13:51:27.843  INFO 44500 --- [restartedMain] .s.d.r.c.RepositoryConfigurationDelegate : Finished Spring Data repository scanning in 8ms. Found 0 Redis repository interfaces.
2020-04-14 13:51:27.905  INFO 44500 --- [restartedMain] o.s.cloud.context.scope.GenericScope     : BeanFactory id=a297c8c2-5809-340a-b2da-a6c8c6e98b5d
2020-04-14 13:51:27.915  INFO 44500 --- [restartedMain] trationDelegate$BeanPostProcessorChecker : Bean 'shiroConfig' of type [cn.syp.sypuser.config.ShiroConfig$$EnhancerBySpringCGLIB$$463a2097] is not eligible for getting processed by all BeanPostProcessors (for example: not eligible for auto-proxying)
2020-04-14 13:51:27.928  INFO 44500 --- [restartedMain] trationDelegate$BeanPostProcessorChecker : Bean 'mybatis-org.mybatis.spring.boot.autoconfigure.MybatisProperties' of type [org.mybatis.spring.boot.autoconfigure.MybatisProperties] is not eligible for getting processed by all BeanPostProcessors (for example: not eligible for auto-proxying)
2020-04-14 13:51:27.932  INFO 44500 --- [restartedMain] trationDelegate$BeanPostProcessorChecker : Bean 'org.mybatis.spring.boot.autoconfigure.MybatisAutoConfiguration' of type [org.mybatis.spring.boot.autoconfigure.MybatisAutoConfiguration$$EnhancerBySpringCGLIB$$e38b383b] is not eligible for getting processed by all BeanPostProcessors (for example: not eligible for auto-proxying)
2020-04-14 13:51:27.933  INFO 44500 --- [restartedMain] trationDelegate$BeanPostProcessorChecker : Bean 'org.springframework.boot.autoconfigure.jdbc.DataSourceConfiguration$Generic' of type [org.springframework.boot.autoconfigure.jdbc.DataSourceConfiguration$Generic] is not eligible for getting processed by all BeanPostProcessors (for example: not eligible for auto-proxying)
2020-04-14 13:51:27.937  INFO 44500 --- [restartedMain] trationDelegate$BeanPostProcessorChecker : Bean 'spring.datasource-org.springframework.boot.autoconfigure.jdbc.DataSourceProperties' of type [org.springframework.boot.autoconfigure.jdbc.DataSourceProperties] is not eligible for getting processed by all BeanPostProcessors (for example: not eligible for auto-proxying)
2020-04-14 13:51:27.943  INFO 44500 --- [restartedMain] trationDelegate$BeanPostProcessorChecker : Bean 'dataSource' of type [com.alibaba.druid.pool.DruidDataSource] is not eligible for getting processed by all BeanPostProcessors (for example: not eligible for auto-proxying)
2020-04-14 13:51:27.962  INFO 44500 --- [restartedMain] trationDelegate$BeanPostProcessorChecker : Bean 'sqlSessionFactory' of type [org.apache.ibatis.session.defaults.DefaultSqlSessionFactory] is not eligible for getting processed by all BeanPostProcessors (for example: not eligible for auto-proxying)
2020-04-14 13:51:27.964  INFO 44500 --- [restartedMain] trationDelegate$BeanPostProcessorChecker : Bean 'sqlSessionTemplate' of type [org.mybatis.spring.SqlSessionTemplate] is not eligible for getting processed by all BeanPostProcessors (for example: not eligible for auto-proxying)
2020-04-14 13:51:27.964  INFO 44500 --- [restartedMain] trationDelegate$BeanPostProcessorChecker : Bean 'userMapper' of type [org.mybatis.spring.mapper.MapperFactoryBean] is not eligible for getting processed by all BeanPostProcessors (for example: not eligible for auto-proxying)
2020-04-14 13:51:27.965  INFO 44500 --- [restartedMain] trationDelegate$BeanPostProcessorChecker : Bean 'userMapper' of type [com.sun.proxy.$Proxy176] is not eligible for getting processed by all BeanPostProcessors (for example: not eligible for auto-proxying)
2020-04-14 13:51:27.965  INFO 44500 --- [restartedMain] trationDelegate$BeanPostProcessorChecker : Bean 'userServiceImpl' of type [cn.syp.sypuser.service.impl.UserServiceImpl] is not eligible for getting processed by all BeanPostProcessors (for example: not eligible for auto-proxying)
2020-04-14 13:51:27.967  INFO 44500 --- [restartedMain] trationDelegate$BeanPostProcessorChecker : Bean 'roleMapper' of type [org.mybatis.spring.mapper.MapperFactoryBean] is not eligible for getting processed by all BeanPostProcessors (for example: not eligible for auto-proxying)
2020-04-14 13:51:27.967  INFO 44500 --- [restartedMain] trationDelegate$BeanPostProcessorChecker : Bean 'roleMapper' of type [com.sun.proxy.$Proxy177] is not eligible for getting processed by all BeanPostProcessors (for example: not eligible for auto-proxying)
2020-04-14 13:51:27.967  INFO 44500 --- [restartedMain] trationDelegate$BeanPostProcessorChecker : Bean 'roleServiceImpl' of type [cn.syp.sypuser.service.impl.RoleServiceImpl] is not eligible for getting processed by all BeanPostProcessors (for example: not eligible for auto-proxying)
2020-04-14 13:51:27.969  INFO 44500 --- [restartedMain] trationDelegate$BeanPostProcessorChecker : Bean 'permissionMapper' of type [org.mybatis.spring.mapper.MapperFactoryBean] is not eligible for getting processed by all BeanPostProcessors (for example: not eligible for auto-proxying)
2020-04-14 13:51:27.969  INFO 44500 --- [restartedMain] trationDelegate$BeanPostProcessorChecker : Bean 'permissionMapper' of type [com.sun.proxy.$Proxy178] is not eligible for getting processed by all BeanPostProcessors (for example: not eligible for auto-proxying)
2020-04-14 13:51:27.969  INFO 44500 --- [restartedMain] trationDelegate$BeanPostProcessorChecker : Bean 'permissionServiceImpl' of type [cn.syp.sypuser.service.impl.PermissionServiceImpl] is not eligible for getting processed by all BeanPostProcessors (for example: not eligible for auto-proxying)
2020-04-14 13:51:27.969  INFO 44500 --- [restartedMain] trationDelegate$BeanPostProcessorChecker : Bean 'customRealm' of type [cn.syp.sypuser.auth.UserRealm] is not eligible for getting processed by all BeanPostProcessors (for example: not eligible for auto-proxying)
2020-04-14 13:51:27.970  INFO 44500 --- [restartedMain] trationDelegate$BeanPostProcessorChecker : Bean 'securityManager' of type [org.apache.shiro.web.mgt.DefaultWebSecurityManager] is not eligible for getting processed by all BeanPostProcessors (for example: not eligible for auto-proxying)
2020-04-14 13:51:27.974  INFO 44500 --- [restartedMain] trationDelegate$BeanPostProcessorChecker : Bean 'authorizationAttributeSourceAdvisor' of type [org.apache.shiro.spring.security.interceptor.AuthorizationAttributeSourceAdvisor] is not eligible for getting processed by all BeanPostProcessors (for example: not eligible for auto-proxying)
2020-04-14 13:51:27.984  INFO 44500 --- [restartedMain] trationDelegate$BeanPostProcessorChecker : Bean 'org.springframework.cloud.autoconfigure.ConfigurationPropertiesRebinderAutoConfiguration' of type [org.springframework.cloud.autoconfigure.ConfigurationPropertiesRebinderAutoConfiguration] is not eligible for getting processed by all BeanPostProcessors (for example: not eligible for auto-proxying)
2020-04-14 13:51:28.141  INFO 44500 --- [restartedMain] o.s.b.w.embedded.tomcat.TomcatWebServer  : Tomcat initialized with port(s): 8001 (http)
2020-04-14 13:51:28.141  INFO 44500 --- [restartedMain] o.apache.catalina.core.StandardService   : Starting service [Tomcat]
2020-04-14 13:51:28.141  INFO 44500 --- [restartedMain] org.apache.catalina.core.StandardEngine  : Starting Servlet engine: [Apache Tomcat/9.0.31]
2020-04-14 13:51:28.185  INFO 44500 --- [restartedMain] o.a.c.c.C.[Tomcat].[localhost].[/]       : Initializing Spring embedded WebApplicationContext
2020-04-14 13:51:28.185  INFO 44500 --- [restartedMain] o.s.web.context.ContextLoader            : Root WebApplicationContext: initialization completed in 748 ms
2020-04-14 13:51:28.438  INFO 44500 --- [restartedMain] pertySourcedRequestMappingHandlerMapping : Mapped URL path [/v2/api-docs] onto method [springfox.documentation.swagger2.web.Swagger2Controller#getDocumentation(String, HttpServletRequest)]
2020-04-14 13:51:28.456  WARN 44500 --- [restartedMain] c.n.c.sources.URLConfigurationSource     : No URLs will be polled as dynamic configuration sources.
2020-04-14 13:51:28.456  INFO 44500 --- [restartedMain] c.n.c.sources.URLConfigurationSource     : To enable URLs as dynamic configuration sources, define System property archaius.configurationSource.additionalUrls or make config.properties available on classpath.
2020-04-14 13:51:28.531  INFO 44500 --- [restartedMain] o.s.s.concurrent.ThreadPoolTaskExecutor  : Initializing ExecutorService 'applicationTaskExecutor'
2020-04-14 13:51:28.555  INFO 44500 --- [restartedMain] o.s.b.d.a.OptionalLiveReloadServer       : LiveReload server is running on port 35729
2020-04-14 13:51:30.216  INFO 44500 --- [restartedMain] o.s.cloud.commons.util.InetUtils         : Cannot determine local hostname
2020-04-14 13:51:31.721  INFO 44500 --- [restartedMain] o.s.cloud.commons.util.InetUtils         : Cannot determine local hostname
2020-04-14 13:51:33.224  INFO 44500 --- [restartedMain] o.s.cloud.commons.util.InetUtils         : Cannot determine local hostname
2020-04-14 13:51:33.243  WARN 44500 --- [restartedMain] ockingLoadBalancerClientRibbonWarnLogger : You already have RibbonLoadBalancerClient on your classpath. It will be used by default. As Spring Cloud Ribbon is in maintenance mode. We recommend switching to BlockingLoadBalancerClient instead. In order to use it, set the value of `spring.cloud.loadbalancer.ribbon.enabled` to `false` or remove spring-cloud-starter-netflix-ribbon from your project.
2020-04-14 13:51:33.256  WARN 44500 --- [restartedMain] iguration$LoadBalancerCaffeineWarnLogger : Spring Cloud LoadBalancer is currently working with default default cache. You can switch to using Caffeine cache, by adding it to the classpath.
2020-04-14 13:51:33.282  INFO 44500 --- [restartedMain] o.s.c.n.eureka.InstanceInfoFactory       : Setting initial instance status as: STARTING
2020-04-14 13:51:33.284  INFO 44500 --- [restartedMain] com.netflix.discovery.DiscoveryClient    : Initializing Eureka in region us-east-1
2020-04-14 13:51:33.285  INFO 44500 --- [restartedMain] c.n.d.provider.DiscoveryJerseyProvider   : Using JSON encoding codec LegacyJacksonJson
2020-04-14 13:51:33.285  INFO 44500 --- [restartedMain] c.n.d.provider.DiscoveryJerseyProvider   : Using JSON decoding codec LegacyJacksonJson
2020-04-14 13:51:33.285  INFO 44500 --- [restartedMain] c.n.d.provider.DiscoveryJerseyProvider   : Using XML encoding codec XStreamXml
2020-04-14 13:51:33.285  INFO 44500 --- [restartedMain] c.n.d.provider.DiscoveryJerseyProvider   : Using XML decoding codec XStreamXml
2020-04-14 13:51:33.328  INFO 44500 --- [restartedMain] c.n.d.s.r.aws.ConfigClusterResolver      : Resolving eureka endpoints via configuration
2020-04-14 13:51:33.329  INFO 44500 --- [restartedMain] com.netflix.discovery.DiscoveryClient    : Disable delta property : false
2020-04-14 13:51:33.329  INFO 44500 --- [restartedMain] com.netflix.discovery.DiscoveryClient    : Single vip registry refresh property : null
2020-04-14 13:51:33.329  INFO 44500 --- [restartedMain] com.netflix.discovery.DiscoveryClient    : Force full registry fetch : false
2020-04-14 13:51:33.329  INFO 44500 --- [restartedMain] com.netflix.discovery.DiscoveryClient    : Application is null : false
2020-04-14 13:51:33.329  INFO 44500 --- [restartedMain] com.netflix.discovery.DiscoveryClient    : Registered Applications size is zero : true
2020-04-14 13:51:33.329  INFO 44500 --- [restartedMain] com.netflix.discovery.DiscoveryClient    : Application version is -1: true
2020-04-14 13:51:33.329  INFO 44500 --- [restartedMain] com.netflix.discovery.DiscoveryClient    : Getting all instance registry info from the eureka server
2020-04-14 13:51:33.332  INFO 44500 --- [restartedMain] com.netflix.discovery.DiscoveryClient    : The response status is 200
2020-04-14 13:51:33.332  INFO 44500 --- [restartedMain] com.netflix.discovery.DiscoveryClient    : Starting heartbeat executor: renew interval is: 30
2020-04-14 13:51:33.333  INFO 44500 --- [restartedMain] c.n.discovery.InstanceInfoReplicator     : InstanceInfoReplicator onDemand update allowed rate per min is 4
2020-04-14 13:51:33.333  INFO 44500 --- [restartedMain] com.netflix.discovery.DiscoveryClient    : Discovery Client initialized at timestamp 1586843493333 with initial instances count: 0
2020-04-14 13:51:33.337  INFO 44500 --- [restartedMain] o.s.c.n.e.s.EurekaServiceRegistry        : Registering application SYP-USER with eureka with status UP
2020-04-14 13:51:33.337  INFO 44500 --- [restartedMain] com.netflix.discovery.DiscoveryClient    : Saw local status change event StatusChangeEvent [timestamp=1586843493337, current=UP, previous=STARTING]
2020-04-14 13:51:33.337  INFO 44500 --- [DiscoveryClient-InstanceInfoReplicator-0] com.netflix.discovery.DiscoveryClient    : DiscoveryClient_SYP-USER/localhost:syp-user:8001: registering service...
2020-04-14 13:51:33.338  INFO 44500 --- [restartedMain] d.s.w.p.DocumentationPluginsBootstrapper : Context refreshed
2020-04-14 13:51:33.339  INFO 44500 --- [restartedMain] d.s.w.p.DocumentationPluginsBootstrapper : Found 1 custom documentation plugin(s)
2020-04-14 13:51:33.342  INFO 44500 --- [DiscoveryClient-InstanceInfoReplicator-0] com.netflix.discovery.DiscoveryClient    : DiscoveryClient_SYP-USER/localhost:syp-user:8001 - registration status: 204
2020-04-14 13:51:33.344  INFO 44500 --- [restartedMain] s.d.s.w.s.ApiListingReferenceScanner     : Scanning for api listing references
2020-04-14 13:51:33.372  INFO 44500 --- [restartedMain] o.s.b.w.embedded.tomcat.TomcatWebServer  : Tomcat started on port(s): 8001 (http) with context path ''
2020-04-14 13:51:33.372  INFO 44500 --- [restartedMain] .s.c.n.e.s.EurekaAutoServiceRegistration : Updating port to 8001
2020-04-14 13:51:34.872  INFO 44500 --- [restartedMain] o.s.cloud.commons.util.InetUtils         : Cannot determine local hostname
2020-04-14 13:51:34.872  INFO 44500 --- [restartedMain] cn.syp.sypuser.SypUserApplication        : Started SypUserApplication in 10.607 seconds (JVM running for 866.477)
2020-04-14 13:51:34.874  INFO 44500 --- [restartedMain] .ConditionEvaluationDeltaLoggingListener : Condition evaluation unchanged
2020-04-14 13:52:03.334  INFO 44500 --- [DiscoveryClient-CacheRefreshExecutor-0] com.netflix.discovery.DiscoveryClient    : Disable delta property : false
2020-04-14 13:52:03.335  INFO 44500 --- [DiscoveryClient-CacheRefreshExecutor-0] com.netflix.discovery.DiscoveryClient    : Single vip registry refresh property : null
2020-04-14 13:52:03.335  INFO 44500 --- [DiscoveryClient-CacheRefreshExecutor-0] com.netflix.discovery.DiscoveryClient    : Force full registry fetch : false
2020-04-14 13:52:03.335  INFO 44500 --- [DiscoveryClient-CacheRefreshExecutor-0] com.netflix.discovery.DiscoveryClient    : Application is null : false
2020-04-14 13:52:03.335  INFO 44500 --- [DiscoveryClient-CacheRefreshExecutor-0] com.netflix.discovery.DiscoveryClient    : Registered Applications size is zero : true
2020-04-14 13:52:03.335  INFO 44500 --- [DiscoveryClient-CacheRefreshExecutor-0] com.netflix.discovery.DiscoveryClient    : Application version is -1: false
2020-04-14 13:52:03.335  INFO 44500 --- [DiscoveryClient-CacheRefreshExecutor-0] com.netflix.discovery.DiscoveryClient    : Getting all instance registry info from the eureka server
2020-04-14 13:52:03.338  INFO 44500 --- [DiscoveryClient-CacheRefreshExecutor-0] com.netflix.discovery.DiscoveryClient    : The response status is 200
2020-04-14 13:53:32.756  INFO 44500 --- [Thread-77] o.s.c.n.e.s.EurekaServiceRegistry        : Unregistering application SYP-USER with eureka with status DOWN
2020-04-14 13:53:32.756  WARN 44500 --- [Thread-77] com.netflix.discovery.DiscoveryClient    : Saw local status change event StatusChangeEvent [timestamp=1586843612756, current=DOWN, previous=UP]
2020-04-14 13:53:32.756  INFO 44500 --- [DiscoveryClient-InstanceInfoReplicator-0] com.netflix.discovery.DiscoveryClient    : DiscoveryClient_SYP-USER/localhost:syp-user:8001: registering service...
2020-04-14 13:53:32.758  INFO 44500 --- [Thread-77] o.s.s.concurrent.ThreadPoolTaskExecutor  : Shutting down ExecutorService 'applicationTaskExecutor'
2020-04-14 13:53:32.763  INFO 44500 --- [DiscoveryClient-InstanceInfoReplicator-0] com.netflix.discovery.DiscoveryClient    : DiscoveryClient_SYP-USER/localhost:syp-user:8001 - registration status: 204
2020-04-14 13:53:32.764  INFO 44500 --- [Thread-77] com.alibaba.druid.pool.DruidDataSource   : {dataSource-0} closing ...
2020-04-14 13:53:32.766  INFO 44500 --- [Thread-77] com.netflix.discovery.DiscoveryClient    : Shutting down DiscoveryClient ...
2020-04-14 13:53:35.767  INFO 44500 --- [Thread-77] com.netflix.discovery.DiscoveryClient    : Unregistering ...
2020-04-14 13:53:35.767  WARN 44500 --- [DiscoveryClient-0] c.netflix.discovery.TimedSupervisorTask  : task supervisor shutting down, can't accept the task
2020-04-14 13:53:35.769  INFO 44500 --- [Thread-77] com.netflix.discovery.DiscoveryClient    : DiscoveryClient_SYP-USER/localhost:syp-user:8001 - deregister  status: 200
2020-04-14 13:53:35.773  INFO 44500 --- [Thread-77] com.netflix.discovery.DiscoveryClient    : Completed shut down of DiscoveryClient
2020-04-14 13:53:39.788  INFO 44500 --- [restartedMain] cn.syp.sypuser.SypUserApplication        : The following profiles are active: dev
2020-04-14 13:53:40.434  INFO 44500 --- [restartedMain] .s.d.r.c.RepositoryConfigurationDelegate : Multiple Spring Data modules found, entering strict repository configuration mode!
2020-04-14 13:53:40.434  INFO 44500 --- [restartedMain] .s.d.r.c.RepositoryConfigurationDelegate : Bootstrapping Spring Data Redis repositories in DEFAULT mode.
2020-04-14 13:53:40.444  INFO 44500 --- [restartedMain] .s.d.r.c.RepositoryConfigurationDelegate : Finished Spring Data repository scanning in 10ms. Found 0 Redis repository interfaces.
2020-04-14 13:53:40.522  INFO 44500 --- [restartedMain] o.s.cloud.context.scope.GenericScope     : BeanFactory id=a297c8c2-5809-340a-b2da-a6c8c6e98b5d
2020-04-14 13:53:40.531  INFO 44500 --- [restartedMain] trationDelegate$BeanPostProcessorChecker : Bean 'shiroConfig' of type [cn.syp.sypuser.config.ShiroConfig$$EnhancerBySpringCGLIB$$463a2097] is not eligible for getting processed by all BeanPostProcessors (for example: not eligible for auto-proxying)
2020-04-14 13:53:40.545  INFO 44500 --- [restartedMain] trationDelegate$BeanPostProcessorChecker : Bean 'mybatis-org.mybatis.spring.boot.autoconfigure.MybatisProperties' of type [org.mybatis.spring.boot.autoconfigure.MybatisProperties] is not eligible for getting processed by all BeanPostProcessors (for example: not eligible for auto-proxying)
2020-04-14 13:53:40.549  INFO 44500 --- [restartedMain] trationDelegate$BeanPostProcessorChecker : Bean 'org.mybatis.spring.boot.autoconfigure.MybatisAutoConfiguration' of type [org.mybatis.spring.boot.autoconfigure.MybatisAutoConfiguration$$EnhancerBySpringCGLIB$$e38b383b] is not eligible for getting processed by all BeanPostProcessors (for example: not eligible for auto-proxying)
2020-04-14 13:53:40.550  INFO 44500 --- [restartedMain] trationDelegate$BeanPostProcessorChecker : Bean 'org.springframework.boot.autoconfigure.jdbc.DataSourceConfiguration$Generic' of type [org.springframework.boot.autoconfigure.jdbc.DataSourceConfiguration$Generic] is not eligible for getting processed by all BeanPostProcessors (for example: not eligible for auto-proxying)
2020-04-14 13:53:40.554  INFO 44500 --- [restartedMain] trationDelegate$BeanPostProcessorChecker : Bean 'spring.datasource-org.springframework.boot.autoconfigure.jdbc.DataSourceProperties' of type [org.springframework.boot.autoconfigure.jdbc.DataSourceProperties] is not eligible for getting processed by all BeanPostProcessors (for example: not eligible for auto-proxying)
2020-04-14 13:53:40.562  INFO 44500 --- [restartedMain] trationDelegate$BeanPostProcessorChecker : Bean 'dataSource' of type [com.alibaba.druid.pool.DruidDataSource] is not eligible for getting processed by all BeanPostProcessors (for example: not eligible for auto-proxying)
2020-04-14 13:53:40.591  INFO 44500 --- [restartedMain] trationDelegate$BeanPostProcessorChecker : Bean 'sqlSessionFactory' of type [org.apache.ibatis.session.defaults.DefaultSqlSessionFactory] is not eligible for getting processed by all BeanPostProcessors (for example: not eligible for auto-proxying)
2020-04-14 13:53:40.593  INFO 44500 --- [restartedMain] trationDelegate$BeanPostProcessorChecker : Bean 'sqlSessionTemplate' of type [org.mybatis.spring.SqlSessionTemplate] is not eligible for getting processed by all BeanPostProcessors (for example: not eligible for auto-proxying)
2020-04-14 13:53:40.593  INFO 44500 --- [restartedMain] trationDelegate$BeanPostProcessorChecker : Bean 'userMapper' of type [org.mybatis.spring.mapper.MapperFactoryBean] is not eligible for getting processed by all BeanPostProcessors (for example: not eligible for auto-proxying)
2020-04-14 13:53:40.593  INFO 44500 --- [restartedMain] trationDelegate$BeanPostProcessorChecker : Bean 'userMapper' of type [com.sun.proxy.$Proxy182] is not eligible for getting processed by all BeanPostProcessors (for example: not eligible for auto-proxying)
2020-04-14 13:53:40.593  INFO 44500 --- [restartedMain] trationDelegate$BeanPostProcessorChecker : Bean 'userServiceImpl' of type [cn.syp.sypuser.service.impl.UserServiceImpl] is not eligible for getting processed by all BeanPostProcessors (for example: not eligible for auto-proxying)
2020-04-14 13:53:40.595  INFO 44500 --- [restartedMain] trationDelegate$BeanPostProcessorChecker : Bean 'roleMapper' of type [org.mybatis.spring.mapper.MapperFactoryBean] is not eligible for getting processed by all BeanPostProcessors (for example: not eligible for auto-proxying)
2020-04-14 13:53:40.596  INFO 44500 --- [restartedMain] trationDelegate$BeanPostProcessorChecker : Bean 'roleMapper' of type [com.sun.proxy.$Proxy183] is not eligible for getting processed by all BeanPostProcessors (for example: not eligible for auto-proxying)
2020-04-14 13:53:40.596  INFO 44500 --- [restartedMain] trationDelegate$BeanPostProcessorChecker : Bean 'roleServiceImpl' of type [cn.syp.sypuser.service.impl.RoleServiceImpl] is not eligible for getting processed by all BeanPostProcessors (for example: not eligible for auto-proxying)
2020-04-14 13:53:40.598  INFO 44500 --- [restartedMain] trationDelegate$BeanPostProcessorChecker : Bean 'permissionMapper' of type [org.mybatis.spring.mapper.MapperFactoryBean] is not eligible for getting processed by all BeanPostProcessors (for example: not eligible for auto-proxying)
2020-04-14 13:53:40.598  INFO 44500 --- [restartedMain] trationDelegate$BeanPostProcessorChecker : Bean 'permissionMapper' of type [com.sun.proxy.$Proxy184] is not eligible for getting processed by all BeanPostProcessors (for example: not eligible for auto-proxying)
2020-04-14 13:53:40.598  INFO 44500 --- [restartedMain] trationDelegate$BeanPostProcessorChecker : Bean 'permissionServiceImpl' of type [cn.syp.sypuser.service.impl.PermissionServiceImpl] is not eligible for getting processed by all BeanPostProcessors (for example: not eligible for auto-proxying)
2020-04-14 13:53:40.598  INFO 44500 --- [restartedMain] trationDelegate$BeanPostProcessorChecker : Bean 'customRealm' of type [cn.syp.sypuser.auth.UserRealm] is not eligible for getting processed by all BeanPostProcessors (for example: not eligible for auto-proxying)
2020-04-14 13:53:40.598  INFO 44500 --- [restartedMain] trationDelegate$BeanPostProcessorChecker : Bean 'securityManager' of type [org.apache.shiro.web.mgt.DefaultWebSecurityManager] is not eligible for getting processed by all BeanPostProcessors (for example: not eligible for auto-proxying)
2020-04-14 13:53:40.604  INFO 44500 --- [restartedMain] trationDelegate$BeanPostProcessorChecker : Bean 'authorizationAttributeSourceAdvisor' of type [org.apache.shiro.spring.security.interceptor.AuthorizationAttributeSourceAdvisor] is not eligible for getting processed by all BeanPostProcessors (for example: not eligible for auto-proxying)
2020-04-14 13:53:40.614  INFO 44500 --- [restartedMain] trationDelegate$BeanPostProcessorChecker : Bean 'org.springframework.cloud.autoconfigure.ConfigurationPropertiesRebinderAutoConfiguration' of type [org.springframework.cloud.autoconfigure.ConfigurationPropertiesRebinderAutoConfiguration] is not eligible for getting processed by all BeanPostProcessors (for example: not eligible for auto-proxying)
2020-04-14 13:53:40.779  INFO 44500 --- [restartedMain] o.s.b.w.embedded.tomcat.TomcatWebServer  : Tomcat initialized with port(s): 8001 (http)
2020-04-14 13:53:40.779  INFO 44500 --- [restartedMain] o.apache.catalina.core.StandardService   : Starting service [Tomcat]
2020-04-14 13:53:40.780  INFO 44500 --- [restartedMain] org.apache.catalina.core.StandardEngine  : Starting Servlet engine: [Apache Tomcat/9.0.31]
2020-04-14 13:53:40.823  INFO 44500 --- [restartedMain] o.a.c.c.C.[Tomcat].[localhost].[/]       : Initializing Spring embedded WebApplicationContext
2020-04-14 13:53:40.824  INFO 44500 --- [restartedMain] o.s.web.context.ContextLoader            : Root WebApplicationContext: initialization completed in 1031 ms
2020-04-14 13:53:41.094  INFO 44500 --- [restartedMain] pertySourcedRequestMappingHandlerMapping : Mapped URL path [/v2/api-docs] onto method [springfox.documentation.swagger2.web.Swagger2Controller#getDocumentation(String, HttpServletRequest)]
2020-04-14 13:53:41.112  WARN 44500 --- [restartedMain] c.n.c.sources.URLConfigurationSource     : No URLs will be polled as dynamic configuration sources.
2020-04-14 13:53:41.112  INFO 44500 --- [restartedMain] c.n.c.sources.URLConfigurationSource     : To enable URLs as dynamic configuration sources, define System property archaius.configurationSource.additionalUrls or make config.properties available on classpath.
2020-04-14 13:53:41.192  INFO 44500 --- [restartedMain] o.s.s.concurrent.ThreadPoolTaskExecutor  : Initializing ExecutorService 'applicationTaskExecutor'
2020-04-14 13:53:41.217  INFO 44500 --- [restartedMain] o.s.b.d.a.OptionalLiveReloadServer       : LiveReload server is running on port 35729
2020-04-14 13:53:42.916  INFO 44500 --- [restartedMain] o.s.cloud.commons.util.InetUtils         : Cannot determine local hostname
2020-04-14 13:53:44.429  INFO 44500 --- [restartedMain] o.s.cloud.commons.util.InetUtils         : Cannot determine local hostname
2020-04-14 13:53:45.935  INFO 44500 --- [restartedMain] o.s.cloud.commons.util.InetUtils         : Cannot determine local hostname
2020-04-14 13:53:45.955  WARN 44500 --- [restartedMain] ockingLoadBalancerClientRibbonWarnLogger : You already have RibbonLoadBalancerClient on your classpath. It will be used by default. As Spring Cloud Ribbon is in maintenance mode. We recommend switching to BlockingLoadBalancerClient instead. In order to use it, set the value of `spring.cloud.loadbalancer.ribbon.enabled` to `false` or remove spring-cloud-starter-netflix-ribbon from your project.
2020-04-14 13:53:45.969  WARN 44500 --- [restartedMain] iguration$LoadBalancerCaffeineWarnLogger : Spring Cloud LoadBalancer is currently working with default default cache. You can switch to using Caffeine cache, by adding it to the classpath.
2020-04-14 13:53:45.994  INFO 44500 --- [restartedMain] o.s.c.n.eureka.InstanceInfoFactory       : Setting initial instance status as: STARTING
2020-04-14 13:53:45.997  INFO 44500 --- [restartedMain] com.netflix.discovery.DiscoveryClient    : Initializing Eureka in region us-east-1
2020-04-14 13:53:45.998  INFO 44500 --- [restartedMain] c.n.d.provider.DiscoveryJerseyProvider   : Using JSON encoding codec LegacyJacksonJson
2020-04-14 13:53:45.998  INFO 44500 --- [restartedMain] c.n.d.provider.DiscoveryJerseyProvider   : Using JSON decoding codec LegacyJacksonJson
2020-04-14 13:53:45.998  INFO 44500 --- [restartedMain] c.n.d.provider.DiscoveryJerseyProvider   : Using XML encoding codec XStreamXml
2020-04-14 13:53:45.998  INFO 44500 --- [restartedMain] c.n.d.provider.DiscoveryJerseyProvider   : Using XML decoding codec XStreamXml
2020-04-14 13:53:46.044  INFO 44500 --- [restartedMain] c.n.d.s.r.aws.ConfigClusterResolver      : Resolving eureka endpoints via configuration
2020-04-14 13:53:46.045  INFO 44500 --- [restartedMain] com.netflix.discovery.DiscoveryClient    : Disable delta property : false
2020-04-14 13:53:46.045  INFO 44500 --- [restartedMain] com.netflix.discovery.DiscoveryClient    : Single vip registry refresh property : null
2020-04-14 13:53:46.045  INFO 44500 --- [restartedMain] com.netflix.discovery.DiscoveryClient    : Force full registry fetch : false
2020-04-14 13:53:46.045  INFO 44500 --- [restartedMain] com.netflix.discovery.DiscoveryClient    : Application is null : false
2020-04-14 13:53:46.045  INFO 44500 --- [restartedMain] com.netflix.discovery.DiscoveryClient    : Registered Applications size is zero : true
2020-04-14 13:53:46.045  INFO 44500 --- [restartedMain] com.netflix.discovery.DiscoveryClient    : Application version is -1: true
2020-04-14 13:53:46.045  INFO 44500 --- [restartedMain] com.netflix.discovery.DiscoveryClient    : Getting all instance registry info from the eureka server
2020-04-14 13:53:46.048  INFO 44500 --- [restartedMain] com.netflix.discovery.DiscoveryClient    : The response status is 200
2020-04-14 13:53:46.048  INFO 44500 --- [restartedMain] com.netflix.discovery.DiscoveryClient    : Starting heartbeat executor: renew interval is: 30
2020-04-14 13:53:46.049  INFO 44500 --- [restartedMain] c.n.discovery.InstanceInfoReplicator     : InstanceInfoReplicator onDemand update allowed rate per min is 4
2020-04-14 13:53:46.049  INFO 44500 --- [restartedMain] com.netflix.discovery.DiscoveryClient    : Discovery Client initialized at timestamp 1586843626049 with initial instances count: 1
2020-04-14 13:53:46.053  INFO 44500 --- [restartedMain] o.s.c.n.e.s.EurekaServiceRegistry        : Registering application SYP-USER with eureka with status UP
2020-04-14 13:53:46.053  INFO 44500 --- [restartedMain] com.netflix.discovery.DiscoveryClient    : Saw local status change event StatusChangeEvent [timestamp=1586843626053, current=UP, previous=STARTING]
2020-04-14 13:53:46.053  INFO 44500 --- [DiscoveryClient-InstanceInfoReplicator-0] com.netflix.discovery.DiscoveryClient    : DiscoveryClient_SYP-USER/localhost:syp-user:8001: registering service...
2020-04-14 13:53:46.054  INFO 44500 --- [restartedMain] d.s.w.p.DocumentationPluginsBootstrapper : Context refreshed
2020-04-14 13:53:46.055  INFO 44500 --- [restartedMain] d.s.w.p.DocumentationPluginsBootstrapper : Found 1 custom documentation plugin(s)
2020-04-14 13:53:46.058  INFO 44500 --- [DiscoveryClient-InstanceInfoReplicator-0] com.netflix.discovery.DiscoveryClient    : DiscoveryClient_SYP-USER/localhost:syp-user:8001 - registration status: 204
2020-04-14 13:53:46.059  INFO 44500 --- [restartedMain] s.d.s.w.s.ApiListingReferenceScanner     : Scanning for api listing references
2020-04-14 13:53:46.086  INFO 44500 --- [restartedMain] o.s.b.w.embedded.tomcat.TomcatWebServer  : Tomcat started on port(s): 8001 (http) with context path ''
2020-04-14 13:53:46.086  INFO 44500 --- [restartedMain] .s.c.n.e.s.EurekaAutoServiceRegistration : Updating port to 8001
2020-04-14 13:53:47.587  INFO 44500 --- [restartedMain] o.s.cloud.commons.util.InetUtils         : Cannot determine local hostname
2020-04-14 13:53:47.587  INFO 44500 --- [restartedMain] cn.syp.sypuser.SypUserApplication        : Started SypUserApplication in 11.138 seconds (JVM running for 999.192)
2020-04-14 13:53:47.589  INFO 44500 --- [restartedMain] .ConditionEvaluationDeltaLoggingListener : Condition evaluation unchanged
2020-04-14 14:02:33.171  INFO 33976 --- [restartedMain] cn.syp.sypuser.SypUserApplication        : The following profiles are active: dev
2020-04-14 14:02:35.422  INFO 33976 --- [restartedMain] .s.d.r.c.RepositoryConfigurationDelegate : Multiple Spring Data modules found, entering strict repository configuration mode!
2020-04-14 14:02:35.425  INFO 33976 --- [restartedMain] .s.d.r.c.RepositoryConfigurationDelegate : Bootstrapping Spring Data Redis repositories in DEFAULT mode.
2020-04-14 14:02:35.459  INFO 33976 --- [restartedMain] .s.d.r.c.RepositoryConfigurationDelegate : Finished Spring Data repository scanning in 21ms. Found 0 Redis repository interfaces.
2020-04-14 14:02:35.850  INFO 33976 --- [restartedMain] o.s.cloud.context.scope.GenericScope     : BeanFactory id=a297c8c2-5809-340a-b2da-a6c8c6e98b5d
2020-04-14 14:02:35.921  INFO 33976 --- [restartedMain] trationDelegate$BeanPostProcessorChecker : Bean 'shiroConfig' of type [cn.syp.sypuser.config.ShiroConfig$$EnhancerBySpringCGLIB$$ae3643d9] is not eligible for getting processed by all BeanPostProcessors (for example: not eligible for auto-proxying)
2020-04-14 14:02:36.740  INFO 33976 --- [restartedMain] trationDelegate$BeanPostProcessorChecker : Bean 'mybatis-org.mybatis.spring.boot.autoconfigure.MybatisProperties' of type [org.mybatis.spring.boot.autoconfigure.MybatisProperties] is not eligible for getting processed by all BeanPostProcessors (for example: not eligible for auto-proxying)
2020-04-14 14:02:36.747  INFO 33976 --- [restartedMain] trationDelegate$BeanPostProcessorChecker : Bean 'org.mybatis.spring.boot.autoconfigure.MybatisAutoConfiguration' of type [org.mybatis.spring.boot.autoconfigure.MybatisAutoConfiguration$$EnhancerBySpringCGLIB$$4b875b7d] is not eligible for getting processed by all BeanPostProcessors (for example: not eligible for auto-proxying)
2020-04-14 14:02:36.749  INFO 33976 --- [restartedMain] trationDelegate$BeanPostProcessorChecker : Bean 'org.springframework.boot.autoconfigure.jdbc.DataSourceConfiguration$Generic' of type [org.springframework.boot.autoconfigure.jdbc.DataSourceConfiguration$Generic] is not eligible for getting processed by all BeanPostProcessors (for example: not eligible for auto-proxying)
2020-04-14 14:02:36.815  INFO 33976 --- [restartedMain] trationDelegate$BeanPostProcessorChecker : Bean 'spring.datasource-org.springframework.boot.autoconfigure.jdbc.DataSourceProperties' of type [org.springframework.boot.autoconfigure.jdbc.DataSourceProperties] is not eligible for getting processed by all BeanPostProcessors (for example: not eligible for auto-proxying)
2020-04-14 14:02:36.877  INFO 33976 --- [restartedMain] trationDelegate$BeanPostProcessorChecker : Bean 'dataSource' of type [com.alibaba.druid.pool.DruidDataSource] is not eligible for getting processed by all BeanPostProcessors (for example: not eligible for auto-proxying)
2020-04-14 14:02:37.272  INFO 33976 --- [restartedMain] trationDelegate$BeanPostProcessorChecker : Bean 'sqlSessionFactory' of type [org.apache.ibatis.session.defaults.DefaultSqlSessionFactory] is not eligible for getting processed by all BeanPostProcessors (for example: not eligible for auto-proxying)
2020-04-14 14:02:37.278  INFO 33976 --- [restartedMain] trationDelegate$BeanPostProcessorChecker : Bean 'sqlSessionTemplate' of type [org.mybatis.spring.SqlSessionTemplate] is not eligible for getting processed by all BeanPostProcessors (for example: not eligible for auto-proxying)
2020-04-14 14:02:37.279  INFO 33976 --- [restartedMain] trationDelegate$BeanPostProcessorChecker : Bean 'userMapper' of type [org.mybatis.spring.mapper.MapperFactoryBean] is not eligible for getting processed by all BeanPostProcessors (for example: not eligible for auto-proxying)
2020-04-14 14:02:37.281  INFO 33976 --- [restartedMain] trationDelegate$BeanPostProcessorChecker : Bean 'userMapper' of type [com.sun.proxy.$Proxy98] is not eligible for getting processed by all BeanPostProcessors (for example: not eligible for auto-proxying)
2020-04-14 14:02:37.281  INFO 33976 --- [restartedMain] trationDelegate$BeanPostProcessorChecker : Bean 'userServiceImpl' of type [cn.syp.sypuser.service.impl.UserServiceImpl] is not eligible for getting processed by all BeanPostProcessors (for example: not eligible for auto-proxying)
2020-04-14 14:02:37.286  INFO 33976 --- [restartedMain] trationDelegate$BeanPostProcessorChecker : Bean 'roleMapper' of type [org.mybatis.spring.mapper.MapperFactoryBean] is not eligible for getting processed by all BeanPostProcessors (for example: not eligible for auto-proxying)
2020-04-14 14:02:37.287  INFO 33976 --- [restartedMain] trationDelegate$BeanPostProcessorChecker : Bean 'roleMapper' of type [com.sun.proxy.$Proxy99] is not eligible for getting processed by all BeanPostProcessors (for example: not eligible for auto-proxying)
2020-04-14 14:02:37.287  INFO 33976 --- [restartedMain] trationDelegate$BeanPostProcessorChecker : Bean 'roleServiceImpl' of type [cn.syp.sypuser.service.impl.RoleServiceImpl] is not eligible for getting processed by all BeanPostProcessors (for example: not eligible for auto-proxying)
2020-04-14 14:02:37.291  INFO 33976 --- [restartedMain] trationDelegate$BeanPostProcessorChecker : Bean 'permissionMapper' of type [org.mybatis.spring.mapper.MapperFactoryBean] is not eligible for getting processed by all BeanPostProcessors (for example: not eligible for auto-proxying)
2020-04-14 14:02:37.292  INFO 33976 --- [restartedMain] trationDelegate$BeanPostProcessorChecker : Bean 'permissionMapper' of type [com.sun.proxy.$Proxy100] is not eligible for getting processed by all BeanPostProcessors (for example: not eligible for auto-proxying)
2020-04-14 14:02:37.292  INFO 33976 --- [restartedMain] trationDelegate$BeanPostProcessorChecker : Bean 'permissionServiceImpl' of type [cn.syp.sypuser.service.impl.PermissionServiceImpl] is not eligible for getting processed by all BeanPostProcessors (for example: not eligible for auto-proxying)
2020-04-14 14:02:37.292  INFO 33976 --- [restartedMain] trationDelegate$BeanPostProcessorChecker : Bean 'customRealm' of type [cn.syp.sypuser.auth.UserRealm] is not eligible for getting processed by all BeanPostProcessors (for example: not eligible for auto-proxying)
2020-04-14 14:02:37.297  INFO 33976 --- [restartedMain] trationDelegate$BeanPostProcessorChecker : Bean 'securityManager' of type [org.apache.shiro.web.mgt.DefaultWebSecurityManager] is not eligible for getting processed by all BeanPostProcessors (for example: not eligible for auto-proxying)
2020-04-14 14:02:37.346  INFO 33976 --- [restartedMain] trationDelegate$BeanPostProcessorChecker : Bean 'authorizationAttributeSourceAdvisor' of type [org.apache.shiro.spring.security.interceptor.AuthorizationAttributeSourceAdvisor] is not eligible for getting processed by all BeanPostProcessors (for example: not eligible for auto-proxying)
2020-04-14 14:02:37.422  INFO 33976 --- [restartedMain] trationDelegate$BeanPostProcessorChecker : Bean 'org.springframework.cloud.autoconfigure.ConfigurationPropertiesRebinderAutoConfiguration' of type [org.springframework.cloud.autoconfigure.ConfigurationPropertiesRebinderAutoConfiguration] is not eligible for getting processed by all BeanPostProcessors (for example: not eligible for auto-proxying)
2020-04-14 14:02:37.870  INFO 33976 --- [restartedMain] o.s.b.w.embedded.tomcat.TomcatWebServer  : Tomcat initialized with port(s): 8001 (http)
2020-04-14 14:02:37.884  INFO 33976 --- [restartedMain] o.apache.catalina.core.StandardService   : Starting service [Tomcat]
2020-04-14 14:02:37.884  INFO 33976 --- [restartedMain] org.apache.catalina.core.StandardEngine  : Starting Servlet engine: [Apache Tomcat/9.0.31]
2020-04-14 14:02:38.185  INFO 33976 --- [restartedMain] o.a.c.c.C.[Tomcat].[localhost].[/]       : Initializing Spring embedded WebApplicationContext
2020-04-14 14:02:38.186  INFO 33976 --- [restartedMain] o.s.web.context.ContextLoader            : Root WebApplicationContext: initialization completed in 4989 ms
2020-04-14 14:02:39.135  INFO 33976 --- [restartedMain] pertySourcedRequestMappingHandlerMapping : Mapped URL path [/v2/api-docs] onto method [springfox.documentation.swagger2.web.Swagger2Controller#getDocumentation(String, HttpServletRequest)]
2020-04-14 14:02:39.165  WARN 33976 --- [restartedMain] c.n.c.sources.URLConfigurationSource     : No URLs will be polled as dynamic configuration sources.
2020-04-14 14:02:39.165  INFO 33976 --- [restartedMain] c.n.c.sources.URLConfigurationSource     : To enable URLs as dynamic configuration sources, define System property archaius.configurationSource.additionalUrls or make config.properties available on classpath.
2020-04-14 14:02:39.168  WARN 33976 --- [restartedMain] c.n.c.sources.URLConfigurationSource     : No URLs will be polled as dynamic configuration sources.
2020-04-14 14:02:39.168  INFO 33976 --- [restartedMain] c.n.c.sources.URLConfigurationSource     : To enable URLs as dynamic configuration sources, define System property archaius.configurationSource.additionalUrls or make config.properties available on classpath.
2020-04-14 14:02:39.359  INFO 33976 --- [restartedMain] o.s.s.concurrent.ThreadPoolTaskExecutor  : Initializing ExecutorService 'applicationTaskExecutor'
2020-04-14 14:02:39.458  INFO 33976 --- [restartedMain] o.s.b.d.a.OptionalLiveReloadServer       : LiveReload server is running on port 35729
2020-04-14 14:02:41.768  WARN 33976 --- [restartedMain] ockingLoadBalancerClientRibbonWarnLogger : You already have RibbonLoadBalancerClient on your classpath. It will be used by default. As Spring Cloud Ribbon is in maintenance mode. We recommend switching to BlockingLoadBalancerClient instead. In order to use it, set the value of `spring.cloud.loadbalancer.ribbon.enabled` to `false` or remove spring-cloud-starter-netflix-ribbon from your project.
2020-04-14 14:02:41.831  WARN 33976 --- [restartedMain] iguration$LoadBalancerCaffeineWarnLogger : Spring Cloud LoadBalancer is currently working with default default cache. You can switch to using Caffeine cache, by adding it to the classpath.
2020-04-14 14:02:41.922  INFO 33976 --- [restartedMain] o.s.c.n.eureka.InstanceInfoFactory       : Setting initial instance status as: STARTING
2020-04-14 14:02:41.965  INFO 33976 --- [restartedMain] com.netflix.discovery.DiscoveryClient    : Initializing Eureka in region us-east-1
2020-04-14 14:02:42.058  INFO 33976 --- [restartedMain] c.n.d.provider.DiscoveryJerseyProvider   : Using JSON encoding codec LegacyJacksonJson
2020-04-14 14:02:42.058  INFO 33976 --- [restartedMain] c.n.d.provider.DiscoveryJerseyProvider   : Using JSON decoding codec LegacyJacksonJson
2020-04-14 14:02:42.142  INFO 33976 --- [restartedMain] c.n.d.provider.DiscoveryJerseyProvider   : Using XML encoding codec XStreamXml
2020-04-14 14:02:42.142  INFO 33976 --- [restartedMain] c.n.d.provider.DiscoveryJerseyProvider   : Using XML decoding codec XStreamXml
2020-04-14 14:02:42.284  INFO 33976 --- [restartedMain] c.n.d.s.r.aws.ConfigClusterResolver      : Resolving eureka endpoints via configuration
2020-04-14 14:02:42.648  INFO 33976 --- [restartedMain] com.netflix.discovery.DiscoveryClient    : Disable delta property : false
2020-04-14 14:02:42.648  INFO 33976 --- [restartedMain] com.netflix.discovery.DiscoveryClient    : Single vip registry refresh property : null
2020-04-14 14:02:42.648  INFO 33976 --- [restartedMain] com.netflix.discovery.DiscoveryClient    : Force full registry fetch : false
2020-04-14 14:02:42.648  INFO 33976 --- [restartedMain] com.netflix.discovery.DiscoveryClient    : Application is null : false
2020-04-14 14:02:42.648  INFO 33976 --- [restartedMain] com.netflix.discovery.DiscoveryClient    : Registered Applications size is zero : true
2020-04-14 14:02:42.648  INFO 33976 --- [restartedMain] com.netflix.discovery.DiscoveryClient    : Application version is -1: true
2020-04-14 14:02:42.648  INFO 33976 --- [restartedMain] com.netflix.discovery.DiscoveryClient    : Getting all instance registry info from the eureka server
2020-04-14 14:02:42.869  INFO 33976 --- [restartedMain] com.netflix.discovery.DiscoveryClient    : The response status is 200
2020-04-14 14:02:42.870  INFO 33976 --- [restartedMain] com.netflix.discovery.DiscoveryClient    : Starting heartbeat executor: renew interval is: 30
2020-04-14 14:02:42.872  INFO 33976 --- [restartedMain] c.n.discovery.InstanceInfoReplicator     : InstanceInfoReplicator onDemand update allowed rate per min is 4
2020-04-14 14:02:42.875  INFO 33976 --- [restartedMain] com.netflix.discovery.DiscoveryClient    : Discovery Client initialized at timestamp 1586844162874 with initial instances count: 0
2020-04-14 14:02:42.879  INFO 33976 --- [restartedMain] o.s.c.n.e.s.EurekaServiceRegistry        : Registering application SYP-USER with eureka with status UP
2020-04-14 14:02:42.880  INFO 33976 --- [restartedMain] com.netflix.discovery.DiscoveryClient    : Saw local status change event StatusChangeEvent [timestamp=1586844162880, current=UP, previous=STARTING]
2020-04-14 14:02:42.882  INFO 33976 --- [restartedMain] d.s.w.p.DocumentationPluginsBootstrapper : Context refreshed
2020-04-14 14:02:42.882  INFO 33976 --- [DiscoveryClient-InstanceInfoReplicator-0] com.netflix.discovery.DiscoveryClient    : DiscoveryClient_SYP-USER/localhost:syp-user:8001: registering service...
2020-04-14 14:02:42.943  INFO 33976 --- [restartedMain] d.s.w.p.DocumentationPluginsBootstrapper : Found 1 custom documentation plugin(s)
2020-04-14 14:02:42.979  INFO 33976 --- [DiscoveryClient-InstanceInfoReplicator-0] com.netflix.discovery.DiscoveryClient    : DiscoveryClient_SYP-USER/localhost:syp-user:8001 - registration status: 204
2020-04-14 14:02:42.990  INFO 33976 --- [restartedMain] s.d.s.w.s.ApiListingReferenceScanner     : Scanning for api listing references
2020-04-14 14:02:43.214  INFO 33976 --- [restartedMain] o.s.b.w.embedded.tomcat.TomcatWebServer  : Tomcat started on port(s): 8001 (http) with context path ''
2020-04-14 14:02:43.215  INFO 33976 --- [restartedMain] .s.c.n.e.s.EurekaAutoServiceRegistration : Updating port to 8001
2020-04-14 14:02:43.711  INFO 33976 --- [restartedMain] cn.syp.sypuser.SypUserApplication        : Started SypUserApplication in 15.481 seconds (JVM running for 17.825)
2020-04-14 14:03:16.405  INFO 48136 --- [restartedMain] cn.syp.sypuser.SypUserApplication        : The following profiles are active: dev
2020-04-14 14:03:17.912  INFO 48136 --- [restartedMain] .s.d.r.c.RepositoryConfigurationDelegate : Multiple Spring Data modules found, entering strict repository configuration mode!
2020-04-14 14:03:17.918  INFO 48136 --- [restartedMain] .s.d.r.c.RepositoryConfigurationDelegate : Bootstrapping Spring Data Redis repositories in DEFAULT mode.
2020-04-14 14:03:17.994  INFO 48136 --- [restartedMain] .s.d.r.c.RepositoryConfigurationDelegate : Finished Spring Data repository scanning in 46ms. Found 0 Redis repository interfaces.
2020-04-14 14:03:18.431  INFO 48136 --- [restartedMain] o.s.cloud.context.scope.GenericScope     : BeanFactory id=a297c8c2-5809-340a-b2da-a6c8c6e98b5d
2020-04-14 14:03:18.516  INFO 48136 --- [restartedMain] trationDelegate$BeanPostProcessorChecker : Bean 'shiroConfig' of type [cn.syp.sypuser.config.ShiroConfig$$EnhancerBySpringCGLIB$$6f269abe] is not eligible for getting processed by all BeanPostProcessors (for example: not eligible for auto-proxying)
2020-04-14 14:03:19.254  INFO 48136 --- [restartedMain] trationDelegate$BeanPostProcessorChecker : Bean 'mybatis-org.mybatis.spring.boot.autoconfigure.MybatisProperties' of type [org.mybatis.spring.boot.autoconfigure.MybatisProperties] is not eligible for getting processed by all BeanPostProcessors (for example: not eligible for auto-proxying)
2020-04-14 14:03:19.265  INFO 48136 --- [restartedMain] trationDelegate$BeanPostProcessorChecker : Bean 'org.mybatis.spring.boot.autoconfigure.MybatisAutoConfiguration' of type [org.mybatis.spring.boot.autoconfigure.MybatisAutoConfiguration$$EnhancerBySpringCGLIB$$c77b262] is not eligible for getting processed by all BeanPostProcessors (for example: not eligible for auto-proxying)
2020-04-14 14:03:19.267  INFO 48136 --- [restartedMain] trationDelegate$BeanPostProcessorChecker : Bean 'org.springframework.boot.autoconfigure.jdbc.DataSourceConfiguration$Generic' of type [org.springframework.boot.autoconfigure.jdbc.DataSourceConfiguration$Generic] is not eligible for getting processed by all BeanPostProcessors (for example: not eligible for auto-proxying)
2020-04-14 14:03:19.285  INFO 48136 --- [restartedMain] trationDelegate$BeanPostProcessorChecker : Bean 'spring.datasource-org.springframework.boot.autoconfigure.jdbc.DataSourceProperties' of type [org.springframework.boot.autoconfigure.jdbc.DataSourceProperties] is not eligible for getting processed by all BeanPostProcessors (for example: not eligible for auto-proxying)
2020-04-14 14:03:19.329  INFO 48136 --- [restartedMain] trationDelegate$BeanPostProcessorChecker : Bean 'dataSource' of type [com.alibaba.druid.pool.DruidDataSource] is not eligible for getting processed by all BeanPostProcessors (for example: not eligible for auto-proxying)
2020-04-14 14:03:19.633  INFO 48136 --- [restartedMain] trationDelegate$BeanPostProcessorChecker : Bean 'sqlSessionFactory' of type [org.apache.ibatis.session.defaults.DefaultSqlSessionFactory] is not eligible for getting processed by all BeanPostProcessors (for example: not eligible for auto-proxying)
2020-04-14 14:03:19.640  INFO 48136 --- [restartedMain] trationDelegate$BeanPostProcessorChecker : Bean 'sqlSessionTemplate' of type [org.mybatis.spring.SqlSessionTemplate] is not eligible for getting processed by all BeanPostProcessors (for example: not eligible for auto-proxying)
2020-04-14 14:03:19.641  INFO 48136 --- [restartedMain] trationDelegate$BeanPostProcessorChecker : Bean 'userMapper' of type [org.mybatis.spring.mapper.MapperFactoryBean] is not eligible for getting processed by all BeanPostProcessors (for example: not eligible for auto-proxying)
2020-04-14 14:03:19.644  INFO 48136 --- [restartedMain] trationDelegate$BeanPostProcessorChecker : Bean 'userMapper' of type [com.sun.proxy.$Proxy98] is not eligible for getting processed by all BeanPostProcessors (for example: not eligible for auto-proxying)
2020-04-14 14:03:19.645  INFO 48136 --- [restartedMain] trationDelegate$BeanPostProcessorChecker : Bean 'userServiceImpl' of type [cn.syp.sypuser.service.impl.UserServiceImpl] is not eligible for getting processed by all BeanPostProcessors (for example: not eligible for auto-proxying)
2020-04-14 14:03:19.648  INFO 48136 --- [restartedMain] trationDelegate$BeanPostProcessorChecker : Bean 'roleMapper' of type [org.mybatis.spring.mapper.MapperFactoryBean] is not eligible for getting processed by all BeanPostProcessors (for example: not eligible for auto-proxying)
2020-04-14 14:03:19.649  INFO 48136 --- [restartedMain] trationDelegate$BeanPostProcessorChecker : Bean 'roleMapper' of type [com.sun.proxy.$Proxy99] is not eligible for getting processed by all BeanPostProcessors (for example: not eligible for auto-proxying)
2020-04-14 14:03:19.650  INFO 48136 --- [restartedMain] trationDelegate$BeanPostProcessorChecker : Bean 'roleServiceImpl' of type [cn.syp.sypuser.service.impl.RoleServiceImpl] is not eligible for getting processed by all BeanPostProcessors (for example: not eligible for auto-proxying)
2020-04-14 14:03:19.654  INFO 48136 --- [restartedMain] trationDelegate$BeanPostProcessorChecker : Bean 'permissionMapper' of type [org.mybatis.spring.mapper.MapperFactoryBean] is not eligible for getting processed by all BeanPostProcessors (for example: not eligible for auto-proxying)
2020-04-14 14:03:19.655  INFO 48136 --- [restartedMain] trationDelegate$BeanPostProcessorChecker : Bean 'permissionMapper' of type [com.sun.proxy.$Proxy100] is not eligible for getting processed by all BeanPostProcessors (for example: not eligible for auto-proxying)
2020-04-14 14:03:19.656  INFO 48136 --- [restartedMain] trationDelegate$BeanPostProcessorChecker : Bean 'permissionServiceImpl' of type [cn.syp.sypuser.service.impl.PermissionServiceImpl] is not eligible for getting processed by all BeanPostProcessors (for example: not eligible for auto-proxying)
2020-04-14 14:03:19.656  INFO 48136 --- [restartedMain] trationDelegate$BeanPostProcessorChecker : Bean 'customRealm' of type [cn.syp.sypuser.auth.UserRealm] is not eligible for getting processed by all BeanPostProcessors (for example: not eligible for auto-proxying)
2020-04-14 14:03:19.661  INFO 48136 --- [restartedMain] trationDelegate$BeanPostProcessorChecker : Bean 'securityManager' of type [org.apache.shiro.web.mgt.DefaultWebSecurityManager] is not eligible for getting processed by all BeanPostProcessors (for example: not eligible for auto-proxying)
2020-04-14 14:03:19.725  INFO 48136 --- [restartedMain] trationDelegate$BeanPostProcessorChecker : Bean 'authorizationAttributeSourceAdvisor' of type [org.apache.shiro.spring.security.interceptor.AuthorizationAttributeSourceAdvisor] is not eligible for getting processed by all BeanPostProcessors (for example: not eligible for auto-proxying)
2020-04-14 14:03:19.792  INFO 48136 --- [restartedMain] trationDelegate$BeanPostProcessorChecker : Bean 'org.springframework.cloud.autoconfigure.ConfigurationPropertiesRebinderAutoConfiguration' of type [org.springframework.cloud.autoconfigure.ConfigurationPropertiesRebinderAutoConfiguration] is not eligible for getting processed by all BeanPostProcessors (for example: not eligible for auto-proxying)
2020-04-14 14:03:20.434  INFO 48136 --- [restartedMain] o.s.b.w.embedded.tomcat.TomcatWebServer  : Tomcat initialized with port(s): 8001 (http)
2020-04-14 14:03:20.451  INFO 48136 --- [restartedMain] o.apache.catalina.core.StandardService   : Starting service [Tomcat]
2020-04-14 14:03:20.452  INFO 48136 --- [restartedMain] org.apache.catalina.core.StandardEngine  : Starting Servlet engine: [Apache Tomcat/9.0.31]
2020-04-14 14:03:20.692  INFO 48136 --- [restartedMain] o.a.c.c.C.[Tomcat].[localhost].[/]       : Initializing Spring embedded WebApplicationContext
2020-04-14 14:03:20.693  INFO 48136 --- [restartedMain] o.s.web.context.ContextLoader            : Root WebApplicationContext: initialization completed in 4265 ms
2020-04-14 14:03:21.816  INFO 48136 --- [restartedMain] pertySourcedRequestMappingHandlerMapping : Mapped URL path [/v2/api-docs] onto method [springfox.documentation.swagger2.web.Swagger2Controller#getDocumentation(String, HttpServletRequest)]
2020-04-14 14:03:21.856  WARN 48136 --- [restartedMain] c.n.c.sources.URLConfigurationSource     : No URLs will be polled as dynamic configuration sources.
2020-04-14 14:03:21.856  INFO 48136 --- [restartedMain] c.n.c.sources.URLConfigurationSource     : To enable URLs as dynamic configuration sources, define System property archaius.configurationSource.additionalUrls or make config.properties available on classpath.
2020-04-14 14:03:21.862  WARN 48136 --- [restartedMain] c.n.c.sources.URLConfigurationSource     : No URLs will be polled as dynamic configuration sources.
2020-04-14 14:03:21.863  INFO 48136 --- [restartedMain] c.n.c.sources.URLConfigurationSource     : To enable URLs as dynamic configuration sources, define System property archaius.configurationSource.additionalUrls or make config.properties available on classpath.
2020-04-14 14:03:22.131  INFO 48136 --- [restartedMain] o.s.s.concurrent.ThreadPoolTaskExecutor  : Initializing ExecutorService 'applicationTaskExecutor'
2020-04-14 14:03:22.215  INFO 48136 --- [restartedMain] o.s.b.d.a.OptionalLiveReloadServer       : LiveReload server is running on port 35729
2020-04-14 14:03:25.411  WARN 48136 --- [restartedMain] ockingLoadBalancerClientRibbonWarnLogger : You already have RibbonLoadBalancerClient on your classpath. It will be used by default. As Spring Cloud Ribbon is in maintenance mode. We recommend switching to BlockingLoadBalancerClient instead. In order to use it, set the value of `spring.cloud.loadbalancer.ribbon.enabled` to `false` or remove spring-cloud-starter-netflix-ribbon from your project.
2020-04-14 14:03:25.469  WARN 48136 --- [restartedMain] iguration$LoadBalancerCaffeineWarnLogger : Spring Cloud LoadBalancer is currently working with default default cache. You can switch to using Caffeine cache, by adding it to the classpath.
2020-04-14 14:03:25.584  INFO 48136 --- [restartedMain] o.s.c.n.eureka.InstanceInfoFactory       : Setting initial instance status as: STARTING
2020-04-14 14:03:25.627  INFO 48136 --- [restartedMain] com.netflix.discovery.DiscoveryClient    : Initializing Eureka in region us-east-1
2020-04-14 14:03:25.735  INFO 48136 --- [restartedMain] c.n.d.provider.DiscoveryJerseyProvider   : Using JSON encoding codec LegacyJacksonJson
2020-04-14 14:03:25.735  INFO 48136 --- [restartedMain] c.n.d.provider.DiscoveryJerseyProvider   : Using JSON decoding codec LegacyJacksonJson
2020-04-14 14:03:25.892  INFO 48136 --- [restartedMain] c.n.d.provider.DiscoveryJerseyProvider   : Using XML encoding codec XStreamXml
2020-04-14 14:03:25.893  INFO 48136 --- [restartedMain] c.n.d.provider.DiscoveryJerseyProvider   : Using XML decoding codec XStreamXml
2020-04-14 14:03:26.120  INFO 48136 --- [restartedMain] c.n.d.s.r.aws.ConfigClusterResolver      : Resolving eureka endpoints via configuration
2020-04-14 14:03:26.570  INFO 48136 --- [restartedMain] com.netflix.discovery.DiscoveryClient    : Disable delta property : false
2020-04-14 14:03:26.570  INFO 48136 --- [restartedMain] com.netflix.discovery.DiscoveryClient    : Single vip registry refresh property : null
2020-04-14 14:03:26.570  INFO 48136 --- [restartedMain] com.netflix.discovery.DiscoveryClient    : Force full registry fetch : false
2020-04-14 14:03:26.570  INFO 48136 --- [restartedMain] com.netflix.discovery.DiscoveryClient    : Application is null : false
2020-04-14 14:03:26.571  INFO 48136 --- [restartedMain] com.netflix.discovery.DiscoveryClient    : Registered Applications size is zero : true
2020-04-14 14:03:26.571  INFO 48136 --- [restartedMain] com.netflix.discovery.DiscoveryClient    : Application version is -1: true
2020-04-14 14:03:26.571  INFO 48136 --- [restartedMain] com.netflix.discovery.DiscoveryClient    : Getting all instance registry info from the eureka server
2020-04-14 14:03:26.770  INFO 48136 --- [restartedMain] com.netflix.discovery.DiscoveryClient    : The response status is 200
2020-04-14 14:03:26.774  INFO 48136 --- [restartedMain] com.netflix.discovery.DiscoveryClient    : Starting heartbeat executor: renew interval is: 30
2020-04-14 14:03:26.778  INFO 48136 --- [restartedMain] c.n.discovery.InstanceInfoReplicator     : InstanceInfoReplicator onDemand update allowed rate per min is 4
2020-04-14 14:03:26.787  INFO 48136 --- [restartedMain] com.netflix.discovery.DiscoveryClient    : Discovery Client initialized at timestamp 1586844206785 with initial instances count: 1
2020-04-14 14:03:26.797  INFO 48136 --- [restartedMain] o.s.c.n.e.s.EurekaServiceRegistry        : Registering application SYP-USER with eureka with status UP
2020-04-14 14:03:26.798  INFO 48136 --- [restartedMain] com.netflix.discovery.DiscoveryClient    : Saw local status change event StatusChangeEvent [timestamp=1586844206798, current=UP, previous=STARTING]
2020-04-14 14:03:26.804  INFO 48136 --- [DiscoveryClient-InstanceInfoReplicator-0] com.netflix.discovery.DiscoveryClient    : DiscoveryClient_SYP-USER/localhost:syp-user:8001: registering service...
2020-04-14 14:03:26.805  INFO 48136 --- [restartedMain] d.s.w.p.DocumentationPluginsBootstrapper : Context refreshed
2020-04-14 14:03:26.876  INFO 48136 --- [restartedMain] d.s.w.p.DocumentationPluginsBootstrapper : Found 1 custom documentation plugin(s)
2020-04-14 14:03:26.898  INFO 48136 --- [DiscoveryClient-InstanceInfoReplicator-0] com.netflix.discovery.DiscoveryClient    : DiscoveryClient_SYP-USER/localhost:syp-user:8001 - registration status: 204
2020-04-14 14:03:26.937  INFO 48136 --- [restartedMain] s.d.s.w.s.ApiListingReferenceScanner     : Scanning for api listing references
2020-04-14 14:03:27.431  INFO 48136 --- [restartedMain] o.s.b.w.embedded.tomcat.TomcatWebServer  : Tomcat started on port(s): 8001 (http) with context path ''
2020-04-14 14:03:27.432  INFO 48136 --- [restartedMain] .s.c.n.e.s.EurekaAutoServiceRegistration : Updating port to 8001
2020-04-14 14:03:28.186  INFO 48136 --- [restartedMain] cn.syp.sypuser.SypUserApplication        : Started SypUserApplication in 16.661 seconds (JVM running for 19.363)
2020-04-14 14:04:23.404  INFO 45780 --- [restartedMain] cn.syp.sypuser.SypUserApplication        : The following profiles are active: dev
2020-04-14 14:04:24.233  INFO 45780 --- [restartedMain] .s.d.r.c.RepositoryConfigurationDelegate : Multiple Spring Data modules found, entering strict repository configuration mode!
2020-04-14 14:04:24.235  INFO 45780 --- [restartedMain] .s.d.r.c.RepositoryConfigurationDelegate : Bootstrapping Spring Data Redis repositories in DEFAULT mode.
2020-04-14 14:04:24.261  INFO 45780 --- [restartedMain] .s.d.r.c.RepositoryConfigurationDelegate : Finished Spring Data repository scanning in 16ms. Found 0 Redis repository interfaces.
2020-04-14 14:04:24.496  INFO 45780 --- [restartedMain] o.s.cloud.context.scope.GenericScope     : BeanFactory id=a297c8c2-5809-340a-b2da-a6c8c6e98b5d
2020-04-14 14:04:24.546  INFO 45780 --- [restartedMain] trationDelegate$BeanPostProcessorChecker : Bean 'shiroConfig' of type [cn.syp.sypuser.config.ShiroConfig$$EnhancerBySpringCGLIB$$6b425b64] is not eligible for getting processed by all BeanPostProcessors (for example: not eligible for auto-proxying)
2020-04-14 14:04:25.063  INFO 45780 --- [restartedMain] trationDelegate$BeanPostProcessorChecker : Bean 'mybatis-org.mybatis.spring.boot.autoconfigure.MybatisProperties' of type [org.mybatis.spring.boot.autoconfigure.MybatisProperties] is not eligible for getting processed by all BeanPostProcessors (for example: not eligible for auto-proxying)
2020-04-14 14:04:25.070  INFO 45780 --- [restartedMain] trationDelegate$BeanPostProcessorChecker : Bean 'org.mybatis.spring.boot.autoconfigure.MybatisAutoConfiguration' of type [org.mybatis.spring.boot.autoconfigure.MybatisAutoConfiguration$$EnhancerBySpringCGLIB$$8937308] is not eligible for getting processed by all BeanPostProcessors (for example: not eligible for auto-proxying)
2020-04-14 14:04:25.072  INFO 45780 --- [restartedMain] trationDelegate$BeanPostProcessorChecker : Bean 'org.springframework.boot.autoconfigure.jdbc.DataSourceConfiguration$Generic' of type [org.springframework.boot.autoconfigure.jdbc.DataSourceConfiguration$Generic] is not eligible for getting processed by all BeanPostProcessors (for example: not eligible for auto-proxying)
2020-04-14 14:04:25.084  INFO 45780 --- [restartedMain] trationDelegate$BeanPostProcessorChecker : Bean 'spring.datasource-org.springframework.boot.autoconfigure.jdbc.DataSourceProperties' of type [org.springframework.boot.autoconfigure.jdbc.DataSourceProperties] is not eligible for getting processed by all BeanPostProcessors (for example: not eligible for auto-proxying)
2020-04-14 14:04:25.117  INFO 45780 --- [restartedMain] trationDelegate$BeanPostProcessorChecker : Bean 'dataSource' of type [com.alibaba.druid.pool.DruidDataSource] is not eligible for getting processed by all BeanPostProcessors (for example: not eligible for auto-proxying)
2020-04-14 14:04:25.298  INFO 45780 --- [restartedMain] trationDelegate$BeanPostProcessorChecker : Bean 'sqlSessionFactory' of type [org.apache.ibatis.session.defaults.DefaultSqlSessionFactory] is not eligible for getting processed by all BeanPostProcessors (for example: not eligible for auto-proxying)
2020-04-14 14:04:25.301  INFO 45780 --- [restartedMain] trationDelegate$BeanPostProcessorChecker : Bean 'sqlSessionTemplate' of type [org.mybatis.spring.SqlSessionTemplate] is not eligible for getting processed by all BeanPostProcessors (for example: not eligible for auto-proxying)
2020-04-14 14:04:25.302  INFO 45780 --- [restartedMain] trationDelegate$BeanPostProcessorChecker : Bean 'userMapper' of type [org.mybatis.spring.mapper.MapperFactoryBean] is not eligible for getting processed by all BeanPostProcessors (for example: not eligible for auto-proxying)
2020-04-14 14:04:25.303  INFO 45780 --- [restartedMain] trationDelegate$BeanPostProcessorChecker : Bean 'userMapper' of type [com.sun.proxy.$Proxy98] is not eligible for getting processed by all BeanPostProcessors (for example: not eligible for auto-proxying)
2020-04-14 14:04:25.304  INFO 45780 --- [restartedMain] trationDelegate$BeanPostProcessorChecker : Bean 'userServiceImpl' of type [cn.syp.sypuser.service.impl.UserServiceImpl] is not eligible for getting processed by all BeanPostProcessors (for example: not eligible for auto-proxying)
2020-04-14 14:04:25.307  INFO 45780 --- [restartedMain] trationDelegate$BeanPostProcessorChecker : Bean 'roleMapper' of type [org.mybatis.spring.mapper.MapperFactoryBean] is not eligible for getting processed by all BeanPostProcessors (for example: not eligible for auto-proxying)
2020-04-14 14:04:25.307  INFO 45780 --- [restartedMain] trationDelegate$BeanPostProcessorChecker : Bean 'roleMapper' of type [com.sun.proxy.$Proxy99] is not eligible for getting processed by all BeanPostProcessors (for example: not eligible for auto-proxying)
2020-04-14 14:04:25.307  INFO 45780 --- [restartedMain] trationDelegate$BeanPostProcessorChecker : Bean 'roleServiceImpl' of type [cn.syp.sypuser.service.impl.RoleServiceImpl] is not eligible for getting processed by all BeanPostProcessors (for example: not eligible for auto-proxying)
2020-04-14 14:04:25.310  INFO 45780 --- [restartedMain] trationDelegate$BeanPostProcessorChecker : Bean 'permissionMapper' of type [org.mybatis.spring.mapper.MapperFactoryBean] is not eligible for getting processed by all BeanPostProcessors (for example: not eligible for auto-proxying)
2020-04-14 14:04:25.311  INFO 45780 --- [restartedMain] trationDelegate$BeanPostProcessorChecker : Bean 'permissionMapper' of type [com.sun.proxy.$Proxy100] is not eligible for getting processed by all BeanPostProcessors (for example: not eligible for auto-proxying)
2020-04-14 14:04:25.311  INFO 45780 --- [restartedMain] trationDelegate$BeanPostProcessorChecker : Bean 'permissionServiceImpl' of type [cn.syp.sypuser.service.impl.PermissionServiceImpl] is not eligible for getting processed by all BeanPostProcessors (for example: not eligible for auto-proxying)
2020-04-14 14:04:25.311  INFO 45780 --- [restartedMain] trationDelegate$BeanPostProcessorChecker : Bean 'customRealm' of type [cn.syp.sypuser.auth.UserRealm] is not eligible for getting processed by all BeanPostProcessors (for example: not eligible for auto-proxying)
2020-04-14 14:04:25.313  INFO 45780 --- [restartedMain] trationDelegate$BeanPostProcessorChecker : Bean 'securityManager' of type [org.apache.shiro.web.mgt.DefaultWebSecurityManager] is not eligible for getting processed by all BeanPostProcessors (for example: not eligible for auto-proxying)
2020-04-14 14:04:25.350  INFO 45780 --- [restartedMain] trationDelegate$BeanPostProcessorChecker : Bean 'authorizationAttributeSourceAdvisor' of type [org.apache.shiro.spring.security.interceptor.AuthorizationAttributeSourceAdvisor] is not eligible for getting processed by all BeanPostProcessors (for example: not eligible for auto-proxying)
2020-04-14 14:04:25.391  INFO 45780 --- [restartedMain] trationDelegate$BeanPostProcessorChecker : Bean 'org.springframework.cloud.autoconfigure.ConfigurationPropertiesRebinderAutoConfiguration' of type [org.springframework.cloud.autoconfigure.ConfigurationPropertiesRebinderAutoConfiguration] is not eligible for getting processed by all BeanPostProcessors (for example: not eligible for auto-proxying)
2020-04-14 14:04:25.746  INFO 45780 --- [restartedMain] o.s.b.w.embedded.tomcat.TomcatWebServer  : Tomcat initialized with port(s): 8001 (http)
2020-04-14 14:04:25.754  INFO 45780 --- [restartedMain] o.apache.catalina.core.StandardService   : Starting service [Tomcat]
2020-04-14 14:04:25.755  INFO 45780 --- [restartedMain] org.apache.catalina.core.StandardEngine  : Starting Servlet engine: [Apache Tomcat/9.0.31]
2020-04-14 14:04:25.911  INFO 45780 --- [restartedMain] o.a.c.c.C.[Tomcat].[localhost].[/]       : Initializing Spring embedded WebApplicationContext
2020-04-14 14:04:25.911  INFO 45780 --- [restartedMain] o.s.web.context.ContextLoader            : Root WebApplicationContext: initialization completed in 2493 ms
2020-04-14 14:04:26.554  INFO 45780 --- [restartedMain] pertySourcedRequestMappingHandlerMapping : Mapped URL path [/v2/api-docs] onto method [springfox.documentation.swagger2.web.Swagger2Controller#getDocumentation(String, HttpServletRequest)]
2020-04-14 14:04:26.580  WARN 45780 --- [restartedMain] c.n.c.sources.URLConfigurationSource     : No URLs will be polled as dynamic configuration sources.
2020-04-14 14:04:26.580  INFO 45780 --- [restartedMain] c.n.c.sources.URLConfigurationSource     : To enable URLs as dynamic configuration sources, define System property archaius.configurationSource.additionalUrls or make config.properties available on classpath.
2020-04-14 14:04:26.583  WARN 45780 --- [restartedMain] c.n.c.sources.URLConfigurationSource     : No URLs will be polled as dynamic configuration sources.
2020-04-14 14:04:26.583  INFO 45780 --- [restartedMain] c.n.c.sources.URLConfigurationSource     : To enable URLs as dynamic configuration sources, define System property archaius.configurationSource.additionalUrls or make config.properties available on classpath.
2020-04-14 14:04:26.738  INFO 45780 --- [restartedMain] o.s.s.concurrent.ThreadPoolTaskExecutor  : Initializing ExecutorService 'applicationTaskExecutor'
2020-04-14 14:04:26.793  INFO 45780 --- [restartedMain] o.s.b.d.a.OptionalLiveReloadServer       : LiveReload server is running on port 35729
2020-04-14 14:04:28.724  INFO 45780 --- [restartedMain] o.s.cloud.commons.util.InetUtils         : Cannot determine local hostname
2020-04-14 14:04:30.244  INFO 45780 --- [restartedMain] o.s.cloud.commons.util.InetUtils         : Cannot determine local hostname
2020-04-14 14:04:31.499  WARN 45780 --- [restartedMain] ockingLoadBalancerClientRibbonWarnLogger : You already have RibbonLoadBalancerClient on your classpath. It will be used by default. As Spring Cloud Ribbon is in maintenance mode. We recommend switching to BlockingLoadBalancerClient instead. In order to use it, set the value of `spring.cloud.loadbalancer.ribbon.enabled` to `false` or remove spring-cloud-starter-netflix-ribbon from your project.
2020-04-14 14:04:31.531  WARN 45780 --- [restartedMain] iguration$LoadBalancerCaffeineWarnLogger : Spring Cloud LoadBalancer is currently working with default default cache. You can switch to using Caffeine cache, by adding it to the classpath.
2020-04-14 14:04:31.599  INFO 45780 --- [restartedMain] o.s.c.n.eureka.InstanceInfoFactory       : Setting initial instance status as: STARTING
2020-04-14 14:04:31.622  INFO 45780 --- [restartedMain] com.netflix.discovery.DiscoveryClient    : Initializing Eureka in region us-east-1
2020-04-14 14:04:31.686  INFO 45780 --- [restartedMain] c.n.d.provider.DiscoveryJerseyProvider   : Using JSON encoding codec LegacyJacksonJson
2020-04-14 14:04:31.686  INFO 45780 --- [restartedMain] c.n.d.provider.DiscoveryJerseyProvider   : Using JSON decoding codec LegacyJacksonJson
2020-04-14 14:04:31.775  INFO 45780 --- [restartedMain] c.n.d.provider.DiscoveryJerseyProvider   : Using XML encoding codec XStreamXml
2020-04-14 14:04:31.775  INFO 45780 --- [restartedMain] c.n.d.provider.DiscoveryJerseyProvider   : Using XML decoding codec XStreamXml
2020-04-14 14:04:31.903  INFO 45780 --- [restartedMain] c.n.d.s.r.aws.ConfigClusterResolver      : Resolving eureka endpoints via configuration
2020-04-14 14:04:32.254  INFO 45780 --- [restartedMain] com.netflix.discovery.DiscoveryClient    : Disable delta property : false
2020-04-14 14:04:32.254  INFO 45780 --- [restartedMain] com.netflix.discovery.DiscoveryClient    : Single vip registry refresh property : null
2020-04-14 14:04:32.254  INFO 45780 --- [restartedMain] com.netflix.discovery.DiscoveryClient    : Force full registry fetch : false
2020-04-14 14:04:32.255  INFO 45780 --- [restartedMain] com.netflix.discovery.DiscoveryClient    : Application is null : false
2020-04-14 14:04:32.255  INFO 45780 --- [restartedMain] com.netflix.discovery.DiscoveryClient    : Registered Applications size is zero : true
2020-04-14 14:04:32.255  INFO 45780 --- [restartedMain] com.netflix.discovery.DiscoveryClient    : Application version is -1: true
2020-04-14 14:04:32.255  INFO 45780 --- [restartedMain] com.netflix.discovery.DiscoveryClient    : Getting all instance registry info from the eureka server
2020-04-14 14:04:32.406  INFO 45780 --- [restartedMain] com.netflix.discovery.DiscoveryClient    : The response status is 200
2020-04-14 14:04:32.408  INFO 45780 --- [restartedMain] com.netflix.discovery.DiscoveryClient    : Starting heartbeat executor: renew interval is: 30
2020-04-14 14:04:32.410  INFO 45780 --- [restartedMain] c.n.discovery.InstanceInfoReplicator     : InstanceInfoReplicator onDemand update allowed rate per min is 4
2020-04-14 14:04:32.413  INFO 45780 --- [restartedMain] com.netflix.discovery.DiscoveryClient    : Discovery Client initialized at timestamp 1586844272412 with initial instances count: 1
2020-04-14 14:04:32.417  INFO 45780 --- [restartedMain] o.s.c.n.e.s.EurekaServiceRegistry        : Registering application SYP-USER with eureka with status UP
2020-04-14 14:04:32.417  INFO 45780 --- [restartedMain] com.netflix.discovery.DiscoveryClient    : Saw local status change event StatusChangeEvent [timestamp=1586844272417, current=UP, previous=STARTING]
2020-04-14 14:04:32.418  INFO 45780 --- [restartedMain] d.s.w.p.DocumentationPluginsBootstrapper : Context refreshed
2020-04-14 14:04:32.418  INFO 45780 --- [DiscoveryClient-InstanceInfoReplicator-0] com.netflix.discovery.DiscoveryClient    : DiscoveryClient_SYP-USER/localhost:syp-user:8001: registering service...
2020-04-14 14:04:32.438  INFO 45780 --- [restartedMain] d.s.w.p.DocumentationPluginsBootstrapper : Found 1 custom documentation plugin(s)
2020-04-14 14:04:32.452  INFO 45780 --- [DiscoveryClient-InstanceInfoReplicator-0] com.netflix.discovery.DiscoveryClient    : DiscoveryClient_SYP-USER/localhost:syp-user:8001 - registration status: 204
2020-04-14 14:04:32.466  INFO 45780 --- [restartedMain] s.d.s.w.s.ApiListingReferenceScanner     : Scanning for api listing references
2020-04-14 14:04:32.737  INFO 45780 --- [restartedMain] o.s.b.w.embedded.tomcat.TomcatWebServer  : Tomcat started on port(s): 8001 (http) with context path ''
2020-04-14 14:04:32.738  INFO 45780 --- [restartedMain] .s.c.n.e.s.EurekaAutoServiceRegistration : Updating port to 8001
2020-04-14 14:04:33.231  INFO 45780 --- [restartedMain] cn.syp.sypuser.SypUserApplication        : Started SypUserApplication in 13.626 seconds (JVM running for 14.949)
2020-04-14 14:04:59.482  INFO 45780 --- [http-nio-8001-exec-1] o.a.c.c.C.[Tomcat].[localhost].[/]       : Initializing Spring DispatcherServlet 'dispatcherServlet'
2020-04-14 14:04:59.482  INFO 45780 --- [http-nio-8001-exec-1] o.s.web.servlet.DispatcherServlet        : Initializing Servlet 'dispatcherServlet'
2020-04-14 14:04:59.492  INFO 45780 --- [http-nio-8001-exec-1] o.s.web.servlet.DispatcherServlet        : Completed initialization in 10 ms
2020-04-14 14:05:12.344  WARN 45780 --- [http-nio-8001-exec-5] .w.s.m.s.DefaultHandlerExceptionResolver : Resolved [org.springframework.http.converter.HttpMessageNotReadableException: JSON parse error: Invalid UTF-8 start byte 0xbd; nested exception is com.fasterxml.jackson.core.JsonParseException: Invalid UTF-8 start byte 0xbd
 at [Source: (PushbackInputStream); line: 1, column: 3]]
